The system is: Darwin - 14.5.0 - x86_64
Compiling the CXX compiler identification source file "CMakeCXXCompilerId.cpp" succeeded.
Compiler: /usr/bin/c++ 
Build flags: 
Id flags: 

The output was:
0


Compilation of the CXX compiler identification source "CMakeCXXCompilerId.cpp" produced "a.out"

The CXX compiler identification is AppleClang, found in "/Data/opencv_2.4.13.2/build_John_unix_static/CMakeFiles/3.1.0-rc1/CompilerIdCXX/a.out"

Compiling the C compiler identification source file "CMakeCCompilerId.c" succeeded.
Compiler: /usr/bin/cc 
Build flags: 
Id flags: 

The output was:
0


Compilation of the C compiler identification source "CMakeCCompilerId.c" produced "a.out"

The C compiler identification is AppleClang, found in "/Data/opencv_2.4.13.2/build_John_unix_static/CMakeFiles/3.1.0-rc1/CompilerIdC/a.out"

Determining if the CXX compiler works passed with the following output:
Change Dir: /Data/opencv_2.4.13.2/build_John_unix_static/CMakeFiles/CMakeTmp

Run Build Command:"/usr/bin/make" "cmTryCompileExec1962320596/fast"
/Applications/Xcode_7.2.1.app/Contents/Developer/usr/bin/make -f CMakeFiles/cmTryCompileExec1962320596.dir/build.make CMakeFiles/cmTryCompileExec1962320596.dir/build
/Applications/CMake.app/Contents/bin/cmake -E cmake_progress_report /Data/opencv_2.4.13.2/build_John_unix_static/CMakeFiles/CMakeTmp/CMakeFiles 1
Building CXX object CMakeFiles/cmTryCompileExec1962320596.dir/testCXXCompiler.cxx.o
/usr/bin/c++     -o CMakeFiles/cmTryCompileExec1962320596.dir/testCXXCompiler.cxx.o -c /Data/opencv_2.4.13.2/build_John_unix_static/CMakeFiles/CMakeTmp/testCXXCompiler.cxx
Linking CXX executable cmTryCompileExec1962320596
/Applications/CMake.app/Contents/bin/cmake -E cmake_link_script CMakeFiles/cmTryCompileExec1962320596.dir/link.txt --verbose=1
/usr/bin/c++     -Wl,-search_paths_first -Wl,-headerpad_max_install_names  CMakeFiles/cmTryCompileExec1962320596.dir/testCXXCompiler.cxx.o  -o cmTryCompileExec1962320596  


Detecting CXX compiler ABI info compiled with the following output:
Change Dir: /Data/opencv_2.4.13.2/build_John_unix_static/CMakeFiles/CMakeTmp

Run Build Command:"/usr/bin/make" "cmTryCompileExec4012559687/fast"
/Applications/Xcode_7.2.1.app/Contents/Developer/usr/bin/make -f CMakeFiles/cmTryCompileExec4012559687.dir/build.make CMakeFiles/cmTryCompileExec4012559687.dir/build
/Applications/CMake.app/Contents/bin/cmake -E cmake_progress_report /Data/opencv_2.4.13.2/build_John_unix_static/CMakeFiles/CMakeTmp/CMakeFiles 1
Building CXX object CMakeFiles/cmTryCompileExec4012559687.dir/CMakeCXXCompilerABI.cpp.o
/usr/bin/c++     -o CMakeFiles/cmTryCompileExec4012559687.dir/CMakeCXXCompilerABI.cpp.o -c /Applications/CMake.app/Contents/share/cmake-3.1/Modules/CMakeCXXCompilerABI.cpp
Linking CXX executable cmTryCompileExec4012559687
/Applications/CMake.app/Contents/bin/cmake -E cmake_link_script CMakeFiles/cmTryCompileExec4012559687.dir/link.txt --verbose=1
/usr/bin/c++     -Wl,-search_paths_first -Wl,-headerpad_max_install_names -v -Wl,-v CMakeFiles/cmTryCompileExec4012559687.dir/CMakeCXXCompilerABI.cpp.o  -o cmTryCompileExec4012559687   
Apple LLVM version 7.0.2 (clang-700.1.81)
Target: x86_64-apple-darwin14.5.0
Thread model: posix
 "/Applications/Xcode_7.2.1.app/Contents/Developer/Toolchains/XcodeDefault.xctoolchain/usr/bin/ld" -demangle -dynamic -arch x86_64 -macosx_version_min 10.10.0 -o cmTryCompileExec4012559687 -search_paths_first -headerpad_max_install_names -v CMakeFiles/cmTryCompileExec4012559687.dir/CMakeCXXCompilerABI.cpp.o -lc++ -lSystem /Applications/Xcode_7.2.1.app/Contents/Developer/Toolchains/XcodeDefault.xctoolchain/usr/bin/../lib/clang/7.0.2/lib/darwin/libclang_rt.osx.a
@(#)PROGRAM:ld  PROJECT:ld64-253.9
configured to support archs: armv6 armv7 armv7s arm64 i386 x86_64 x86_64h armv6m armv7k armv7m armv7em (tvOS)
Library search paths:
	/usr/lib
	/usr/local/lib
Framework search paths:
	/Library/Frameworks/
	/System/Library/Frameworks/


Parsed CXX implicit link information from above output:
  link line regex: [^( *|.*[/\])(ld|([^/\]+-)?ld|collect2)[^/\]*( |$)]
  ignore line: [Change Dir: /Data/opencv_2.4.13.2/build_John_unix_static/CMakeFiles/CMakeTmp]
  ignore line: []
  ignore line: [Run Build Command:"/usr/bin/make" "cmTryCompileExec4012559687/fast"]
  ignore line: [/Applications/Xcode_7.2.1.app/Contents/Developer/usr/bin/make -f CMakeFiles/cmTryCompileExec4012559687.dir/build.make CMakeFiles/cmTryCompileExec4012559687.dir/build]
  ignore line: [/Applications/CMake.app/Contents/bin/cmake -E cmake_progress_report /Data/opencv_2.4.13.2/build_John_unix_static/CMakeFiles/CMakeTmp/CMakeFiles 1]
  ignore line: [Building CXX object CMakeFiles/cmTryCompileExec4012559687.dir/CMakeCXXCompilerABI.cpp.o]
  ignore line: [/usr/bin/c++     -o CMakeFiles/cmTryCompileExec4012559687.dir/CMakeCXXCompilerABI.cpp.o -c /Applications/CMake.app/Contents/share/cmake-3.1/Modules/CMakeCXXCompilerABI.cpp]
  ignore line: [Linking CXX executable cmTryCompileExec4012559687]
  ignore line: [/Applications/CMake.app/Contents/bin/cmake -E cmake_link_script CMakeFiles/cmTryCompileExec4012559687.dir/link.txt --verbose=1]
  ignore line: [/usr/bin/c++     -Wl,-search_paths_first -Wl,-headerpad_max_install_names -v -Wl,-v CMakeFiles/cmTryCompileExec4012559687.dir/CMakeCXXCompilerABI.cpp.o  -o cmTryCompileExec4012559687   ]
  ignore line: [Apple LLVM version 7.0.2 (clang-700.1.81)]
  ignore line: [Target: x86_64-apple-darwin14.5.0]
  ignore line: [Thread model: posix]
  link line: [ "/Applications/Xcode_7.2.1.app/Contents/Developer/Toolchains/XcodeDefault.xctoolchain/usr/bin/ld" -demangle -dynamic -arch x86_64 -macosx_version_min 10.10.0 -o cmTryCompileExec4012559687 -search_paths_first -headerpad_max_install_names -v CMakeFiles/cmTryCompileExec4012559687.dir/CMakeCXXCompilerABI.cpp.o -lc++ -lSystem /Applications/Xcode_7.2.1.app/Contents/Developer/Toolchains/XcodeDefault.xctoolchain/usr/bin/../lib/clang/7.0.2/lib/darwin/libclang_rt.osx.a]
    arg [/Applications/Xcode_7.2.1.app/Contents/Developer/Toolchains/XcodeDefault.xctoolchain/usr/bin/ld] ==> ignore
    arg [-demangle] ==> ignore
    arg [-dynamic] ==> ignore
    arg [-arch] ==> ignore
    arg [x86_64] ==> ignore
    arg [-macosx_version_min] ==> ignore
    arg [10.10.0] ==> ignore
    arg [-o] ==> ignore
    arg [cmTryCompileExec4012559687] ==> ignore
    arg [-search_paths_first] ==> ignore
    arg [-headerpad_max_install_names] ==> ignore
    arg [-v] ==> ignore
    arg [CMakeFiles/cmTryCompileExec4012559687.dir/CMakeCXXCompilerABI.cpp.o] ==> ignore
    arg [-lc++] ==> lib []
    arg [-lSystem] ==> lib []
    arg [/Applications/Xcode_7.2.1.app/Contents/Developer/Toolchains/XcodeDefault.xctoolchain/usr/bin/../lib/clang/7.0.2/lib/darwin/libclang_rt.osx.a] ==> lib [/Applications/Xcode_7.2.1.app/Contents/Developer/Toolchains/XcodeDefault.xctoolchain/usr/bin/../lib/clang/7.0.2/lib/darwin/libclang_rt.osx.a]
  Library search paths: [;/usr/lib;/usr/local/lib]
  Framework search paths: [;/Library/Frameworks/;/System/Library/Frameworks/]
  remove lib [System]
  collapse lib [/Applications/Xcode_7.2.1.app/Contents/Developer/Toolchains/XcodeDefault.xctoolchain/usr/bin/../lib/clang/7.0.2/lib/darwin/libclang_rt.osx.a] ==> [/Applications/Xcode_7.2.1.app/Contents/Developer/Toolchains/XcodeDefault.xctoolchain/usr/lib/clang/7.0.2/lib/darwin/libclang_rt.osx.a]
  collapse library dir [/usr/lib] ==> [/usr/lib]
  collapse library dir [/usr/local/lib] ==> [/usr/local/lib]
  collapse framework dir [/Library/Frameworks/] ==> [/Library/Frameworks]
  collapse framework dir [/System/Library/Frameworks/] ==> [/System/Library/Frameworks]
  implicit libs: [c++;/Applications/Xcode_7.2.1.app/Contents/Developer/Toolchains/XcodeDefault.xctoolchain/usr/lib/clang/7.0.2/lib/darwin/libclang_rt.osx.a]
  implicit dirs: [/usr/lib;/usr/local/lib]
  implicit fwks: [/Library/Frameworks;/System/Library/Frameworks]


Determining if the C compiler works passed with the following output:
Change Dir: /Data/opencv_2.4.13.2/build_John_unix_static/CMakeFiles/CMakeTmp

Run Build Command:"/usr/bin/make" "cmTryCompileExec1933785097/fast"
/Applications/Xcode_7.2.1.app/Contents/Developer/usr/bin/make -f CMakeFiles/cmTryCompileExec1933785097.dir/build.make CMakeFiles/cmTryCompileExec1933785097.dir/build
/Applications/CMake.app/Contents/bin/cmake -E cmake_progress_report /Data/opencv_2.4.13.2/build_John_unix_static/CMakeFiles/CMakeTmp/CMakeFiles 1
Building C object CMakeFiles/cmTryCompileExec1933785097.dir/testCCompiler.c.o
/usr/bin/cc    -o CMakeFiles/cmTryCompileExec1933785097.dir/testCCompiler.c.o   -c /Data/opencv_2.4.13.2/build_John_unix_static/CMakeFiles/CMakeTmp/testCCompiler.c
Linking C executable cmTryCompileExec1933785097
/Applications/CMake.app/Contents/bin/cmake -E cmake_link_script CMakeFiles/cmTryCompileExec1933785097.dir/link.txt --verbose=1
/usr/bin/cc    -Wl,-search_paths_first -Wl,-headerpad_max_install_names  CMakeFiles/cmTryCompileExec1933785097.dir/testCCompiler.c.o  -o cmTryCompileExec1933785097  


Detecting C compiler ABI info compiled with the following output:
Change Dir: /Data/opencv_2.4.13.2/build_John_unix_static/CMakeFiles/CMakeTmp

Run Build Command:"/usr/bin/make" "cmTryCompileExec1441608834/fast"
/Applications/Xcode_7.2.1.app/Contents/Developer/usr/bin/make -f CMakeFiles/cmTryCompileExec1441608834.dir/build.make CMakeFiles/cmTryCompileExec1441608834.dir/build
/Applications/CMake.app/Contents/bin/cmake -E cmake_progress_report /Data/opencv_2.4.13.2/build_John_unix_static/CMakeFiles/CMakeTmp/CMakeFiles 1
Building C object CMakeFiles/cmTryCompileExec1441608834.dir/CMakeCCompilerABI.c.o
/usr/bin/cc    -o CMakeFiles/cmTryCompileExec1441608834.dir/CMakeCCompilerABI.c.o   -c /Applications/CMake.app/Contents/share/cmake-3.1/Modules/CMakeCCompilerABI.c
Linking C executable cmTryCompileExec1441608834
/Applications/CMake.app/Contents/bin/cmake -E cmake_link_script CMakeFiles/cmTryCompileExec1441608834.dir/link.txt --verbose=1
/usr/bin/cc    -Wl,-search_paths_first -Wl,-headerpad_max_install_names -v -Wl,-v CMakeFiles/cmTryCompileExec1441608834.dir/CMakeCCompilerABI.c.o  -o cmTryCompileExec1441608834   
Apple LLVM version 7.0.2 (clang-700.1.81)
Target: x86_64-apple-darwin14.5.0
Thread model: posix
 "/Applications/Xcode_7.2.1.app/Contents/Developer/Toolchains/XcodeDefault.xctoolchain/usr/bin/ld" -demangle -dynamic -arch x86_64 -macosx_version_min 10.10.0 -o cmTryCompileExec1441608834 -search_paths_first -headerpad_max_install_names -v CMakeFiles/cmTryCompileExec1441608834.dir/CMakeCCompilerABI.c.o -lSystem /Applications/Xcode_7.2.1.app/Contents/Developer/Toolchains/XcodeDefault.xctoolchain/usr/bin/../lib/clang/7.0.2/lib/darwin/libclang_rt.osx.a
@(#)PROGRAM:ld  PROJECT:ld64-253.9
configured to support archs: armv6 armv7 armv7s arm64 i386 x86_64 x86_64h armv6m armv7k armv7m armv7em (tvOS)
Library search paths:
	/usr/lib
	/usr/local/lib
Framework search paths:
	/Library/Frameworks/
	/System/Library/Frameworks/


Parsed C implicit link information from above output:
  link line regex: [^( *|.*[/\])(ld|([^/\]+-)?ld|collect2)[^/\]*( |$)]
  ignore line: [Change Dir: /Data/opencv_2.4.13.2/build_John_unix_static/CMakeFiles/CMakeTmp]
  ignore line: []
  ignore line: [Run Build Command:"/usr/bin/make" "cmTryCompileExec1441608834/fast"]
  ignore line: [/Applications/Xcode_7.2.1.app/Contents/Developer/usr/bin/make -f CMakeFiles/cmTryCompileExec1441608834.dir/build.make CMakeFiles/cmTryCompileExec1441608834.dir/build]
  ignore line: [/Applications/CMake.app/Contents/bin/cmake -E cmake_progress_report /Data/opencv_2.4.13.2/build_John_unix_static/CMakeFiles/CMakeTmp/CMakeFiles 1]
  ignore line: [Building C object CMakeFiles/cmTryCompileExec1441608834.dir/CMakeCCompilerABI.c.o]
  ignore line: [/usr/bin/cc    -o CMakeFiles/cmTryCompileExec1441608834.dir/CMakeCCompilerABI.c.o   -c /Applications/CMake.app/Contents/share/cmake-3.1/Modules/CMakeCCompilerABI.c]
  ignore line: [Linking C executable cmTryCompileExec1441608834]
  ignore line: [/Applications/CMake.app/Contents/bin/cmake -E cmake_link_script CMakeFiles/cmTryCompileExec1441608834.dir/link.txt --verbose=1]
  ignore line: [/usr/bin/cc    -Wl,-search_paths_first -Wl,-headerpad_max_install_names -v -Wl,-v CMakeFiles/cmTryCompileExec1441608834.dir/CMakeCCompilerABI.c.o  -o cmTryCompileExec1441608834   ]
  ignore line: [Apple LLVM version 7.0.2 (clang-700.1.81)]
  ignore line: [Target: x86_64-apple-darwin14.5.0]
  ignore line: [Thread model: posix]
  link line: [ "/Applications/Xcode_7.2.1.app/Contents/Developer/Toolchains/XcodeDefault.xctoolchain/usr/bin/ld" -demangle -dynamic -arch x86_64 -macosx_version_min 10.10.0 -o cmTryCompileExec1441608834 -search_paths_first -headerpad_max_install_names -v CMakeFiles/cmTryCompileExec1441608834.dir/CMakeCCompilerABI.c.o -lSystem /Applications/Xcode_7.2.1.app/Contents/Developer/Toolchains/XcodeDefault.xctoolchain/usr/bin/../lib/clang/7.0.2/lib/darwin/libclang_rt.osx.a]
    arg [/Applications/Xcode_7.2.1.app/Contents/Developer/Toolchains/XcodeDefault.xctoolchain/usr/bin/ld] ==> ignore
    arg [-demangle] ==> ignore
    arg [-dynamic] ==> ignore
    arg [-arch] ==> ignore
    arg [x86_64] ==> ignore
    arg [-macosx_version_min] ==> ignore
    arg [10.10.0] ==> ignore
    arg [-o] ==> ignore
    arg [cmTryCompileExec1441608834] ==> ignore
    arg [-search_paths_first] ==> ignore
    arg [-headerpad_max_install_names] ==> ignore
    arg [-v] ==> ignore
    arg [CMakeFiles/cmTryCompileExec1441608834.dir/CMakeCCompilerABI.c.o] ==> ignore
    arg [-lSystem] ==> lib []
    arg [/Applications/Xcode_7.2.1.app/Contents/Developer/Toolchains/XcodeDefault.xctoolchain/usr/bin/../lib/clang/7.0.2/lib/darwin/libclang_rt.osx.a] ==> lib [/Applications/Xcode_7.2.1.app/Contents/Developer/Toolchains/XcodeDefault.xctoolchain/usr/bin/../lib/clang/7.0.2/lib/darwin/libclang_rt.osx.a]
  Library search paths: [;/usr/lib;/usr/local/lib]
  Framework search paths: [;/Library/Frameworks/;/System/Library/Frameworks/]
  remove lib [System]
  collapse lib [/Applications/Xcode_7.2.1.app/Contents/Developer/Toolchains/XcodeDefault.xctoolchain/usr/bin/../lib/clang/7.0.2/lib/darwin/libclang_rt.osx.a] ==> [/Applications/Xcode_7.2.1.app/Contents/Developer/Toolchains/XcodeDefault.xctoolchain/usr/lib/clang/7.0.2/lib/darwin/libclang_rt.osx.a]
  collapse library dir [/usr/lib] ==> [/usr/lib]
  collapse library dir [/usr/local/lib] ==> [/usr/local/lib]
  collapse framework dir [/Library/Frameworks/] ==> [/Library/Frameworks]
  collapse framework dir [/System/Library/Frameworks/] ==> [/System/Library/Frameworks]
  implicit libs: [/Applications/Xcode_7.2.1.app/Contents/Developer/Toolchains/XcodeDefault.xctoolchain/usr/lib/clang/7.0.2/lib/darwin/libclang_rt.osx.a]
  implicit dirs: [/usr/lib;/usr/local/lib]
  implicit fwks: [/Library/Frameworks;/System/Library/Frameworks]


Determining if the include file sys/types.h exists passed with the following output:
Change Dir: /Data/opencv_2.4.13.2/build_John_unix_static/CMakeFiles/CMakeTmp

Run Build Command:"/usr/bin/make" "cmTryCompileExec2885135520/fast"
/Applications/Xcode_7.2.1.app/Contents/Developer/usr/bin/make -f CMakeFiles/cmTryCompileExec2885135520.dir/build.make CMakeFiles/cmTryCompileExec2885135520.dir/build
/Applications/CMake.app/Contents/bin/cmake -E cmake_progress_report /Data/opencv_2.4.13.2/build_John_unix_static/CMakeFiles/CMakeTmp/CMakeFiles 1
Building C object CMakeFiles/cmTryCompileExec2885135520.dir/CheckIncludeFile.c.o
/usr/bin/cc   -fsigned-char -W -Wall -Werror=return-type -Werror=address -Werror=sequence-point -Wformat -Werror=format-security -Wmissing-declarations -Wmissing-prototypes -Wstrict-prototypes -Wundef -Winit-self -Wpointer-arith -Wshadow -Wsign-promo -Wno-narrowing -Wno-delete-non-virtual-dtor -Wno-unnamed-type-template-args -Wno-comment -Wno-array-bounds -fdiagnostics-show-option -Wno-long-long -Qunused-arguments -Wno-semicolon-before-method-body -fno-omit-frame-pointer -msse -msse2 -msse3  -O3 -DNDEBUG   -o CMakeFiles/cmTryCompileExec2885135520.dir/CheckIncludeFile.c.o   -c /Data/opencv_2.4.13.2/build_John_unix_static/CMakeFiles/CMakeTmp/CheckIncludeFile.c
Linking C executable cmTryCompileExec2885135520
/Applications/CMake.app/Contents/bin/cmake -E cmake_link_script CMakeFiles/cmTryCompileExec2885135520.dir/link.txt --verbose=1
/usr/bin/cc     -fsigned-char -W -Wall -Werror=return-type -Werror=address -Werror=sequence-point -Wformat -Werror=format-security -Wmissing-declarations -Wmissing-prototypes -Wstrict-prototypes -Wundef -Winit-self -Wpointer-arith -Wshadow -Wsign-promo -Wno-narrowing -Wno-delete-non-virtual-dtor -Wno-unnamed-type-template-args -Wno-comment -Wno-array-bounds -fdiagnostics-show-option -Wno-long-long -Qunused-arguments -Wno-semicolon-before-method-body -fno-omit-frame-pointer -msse -msse2 -msse3  -O3 -DNDEBUG -Wl,-search_paths_first -Wl,-headerpad_max_install_names  CMakeFiles/cmTryCompileExec2885135520.dir/CheckIncludeFile.c.o  -o cmTryCompileExec2885135520  


Determining if the include file stdint.h exists passed with the following output:
Change Dir: /Data/opencv_2.4.13.2/build_John_unix_static/CMakeFiles/CMakeTmp

Run Build Command:"/usr/bin/make" "cmTryCompileExec4165643312/fast"
/Applications/Xcode_7.2.1.app/Contents/Developer/usr/bin/make -f CMakeFiles/cmTryCompileExec4165643312.dir/build.make CMakeFiles/cmTryCompileExec4165643312.dir/build
/Applications/CMake.app/Contents/bin/cmake -E cmake_progress_report /Data/opencv_2.4.13.2/build_John_unix_static/CMakeFiles/CMakeTmp/CMakeFiles 1
Building C object CMakeFiles/cmTryCompileExec4165643312.dir/CheckIncludeFile.c.o
/usr/bin/cc   -fsigned-char -W -Wall -Werror=return-type -Werror=address -Werror=sequence-point -Wformat -Werror=format-security -Wmissing-declarations -Wmissing-prototypes -Wstrict-prototypes -Wundef -Winit-self -Wpointer-arith -Wshadow -Wsign-promo -Wno-narrowing -Wno-delete-non-virtual-dtor -Wno-unnamed-type-template-args -Wno-comment -Wno-array-bounds -fdiagnostics-show-option -Wno-long-long -Qunused-arguments -Wno-semicolon-before-method-body -fno-omit-frame-pointer -msse -msse2 -msse3  -O3 -DNDEBUG   -o CMakeFiles/cmTryCompileExec4165643312.dir/CheckIncludeFile.c.o   -c /Data/opencv_2.4.13.2/build_John_unix_static/CMakeFiles/CMakeTmp/CheckIncludeFile.c
Linking C executable cmTryCompileExec4165643312
/Applications/CMake.app/Contents/bin/cmake -E cmake_link_script CMakeFiles/cmTryCompileExec4165643312.dir/link.txt --verbose=1
/usr/bin/cc     -fsigned-char -W -Wall -Werror=return-type -Werror=address -Werror=sequence-point -Wformat -Werror=format-security -Wmissing-declarations -Wmissing-prototypes -Wstrict-prototypes -Wundef -Winit-self -Wpointer-arith -Wshadow -Wsign-promo -Wno-narrowing -Wno-delete-non-virtual-dtor -Wno-unnamed-type-template-args -Wno-comment -Wno-array-bounds -fdiagnostics-show-option -Wno-long-long -Qunused-arguments -Wno-semicolon-before-method-body -fno-omit-frame-pointer -msse -msse2 -msse3  -O3 -DNDEBUG -Wl,-search_paths_first -Wl,-headerpad_max_install_names  CMakeFiles/cmTryCompileExec4165643312.dir/CheckIncludeFile.c.o  -o cmTryCompileExec4165643312  


Determining if the include file stddef.h exists passed with the following output:
Change Dir: /Data/opencv_2.4.13.2/build_John_unix_static/CMakeFiles/CMakeTmp

Run Build Command:"/usr/bin/make" "cmTryCompileExec333301865/fast"
/Applications/Xcode_7.2.1.app/Contents/Developer/usr/bin/make -f CMakeFiles/cmTryCompileExec333301865.dir/build.make CMakeFiles/cmTryCompileExec333301865.dir/build
/Applications/CMake.app/Contents/bin/cmake -E cmake_progress_report /Data/opencv_2.4.13.2/build_John_unix_static/CMakeFiles/CMakeTmp/CMakeFiles 1
Building C object CMakeFiles/cmTryCompileExec333301865.dir/CheckIncludeFile.c.o
/usr/bin/cc   -fsigned-char -W -Wall -Werror=return-type -Werror=address -Werror=sequence-point -Wformat -Werror=format-security -Wmissing-declarations -Wmissing-prototypes -Wstrict-prototypes -Wundef -Winit-self -Wpointer-arith -Wshadow -Wsign-promo -Wno-narrowing -Wno-delete-non-virtual-dtor -Wno-unnamed-type-template-args -Wno-comment -Wno-array-bounds -fdiagnostics-show-option -Wno-long-long -Qunused-arguments -Wno-semicolon-before-method-body -fno-omit-frame-pointer -msse -msse2 -msse3  -O3 -DNDEBUG   -o CMakeFiles/cmTryCompileExec333301865.dir/CheckIncludeFile.c.o   -c /Data/opencv_2.4.13.2/build_John_unix_static/CMakeFiles/CMakeTmp/CheckIncludeFile.c
Linking C executable cmTryCompileExec333301865
/Applications/CMake.app/Contents/bin/cmake -E cmake_link_script CMakeFiles/cmTryCompileExec333301865.dir/link.txt --verbose=1
/usr/bin/cc     -fsigned-char -W -Wall -Werror=return-type -Werror=address -Werror=sequence-point -Wformat -Werror=format-security -Wmissing-declarations -Wmissing-prototypes -Wstrict-prototypes -Wundef -Winit-self -Wpointer-arith -Wshadow -Wsign-promo -Wno-narrowing -Wno-delete-non-virtual-dtor -Wno-unnamed-type-template-args -Wno-comment -Wno-array-bounds -fdiagnostics-show-option -Wno-long-long -Qunused-arguments -Wno-semicolon-before-method-body -fno-omit-frame-pointer -msse -msse2 -msse3  -O3 -DNDEBUG -Wl,-search_paths_first -Wl,-headerpad_max_install_names  CMakeFiles/cmTryCompileExec333301865.dir/CheckIncludeFile.c.o  -o cmTryCompileExec333301865  


Determining size of unsigned short passed with the following output:
Change Dir: /Data/opencv_2.4.13.2/build_John_unix_static/CMakeFiles/CMakeTmp

Run Build Command:"/usr/bin/make" "cmTryCompileExec3565804144/fast"
/Applications/Xcode_7.2.1.app/Contents/Developer/usr/bin/make -f CMakeFiles/cmTryCompileExec3565804144.dir/build.make CMakeFiles/cmTryCompileExec3565804144.dir/build
/Applications/CMake.app/Contents/bin/cmake -E cmake_progress_report /Data/opencv_2.4.13.2/build_John_unix_static/CMakeFiles/CMakeTmp/CMakeFiles 1
Building C object CMakeFiles/cmTryCompileExec3565804144.dir/CMAKE_SIZEOF_UNSIGNED_SHORT.c.o
/usr/bin/cc   -fsigned-char -W -Wall -Werror=return-type -Werror=address -Werror=sequence-point -Wformat -Werror=format-security -Wmissing-declarations -Wmissing-prototypes -Wstrict-prototypes -Wundef -Winit-self -Wpointer-arith -Wshadow -Wsign-promo -Wno-narrowing -Wno-delete-non-virtual-dtor -Wno-unnamed-type-template-args -Wno-comment -Wno-array-bounds -fdiagnostics-show-option -Wno-long-long -Qunused-arguments -Wno-semicolon-before-method-body -fno-omit-frame-pointer -msse -msse2 -msse3  -O3 -DNDEBUG   -o CMakeFiles/cmTryCompileExec3565804144.dir/CMAKE_SIZEOF_UNSIGNED_SHORT.c.o   -c /Data/opencv_2.4.13.2/build_John_unix_static/CMakeFiles/CheckTypeSize/CMAKE_SIZEOF_UNSIGNED_SHORT.c
Linking C executable cmTryCompileExec3565804144
/Applications/CMake.app/Contents/bin/cmake -E cmake_link_script CMakeFiles/cmTryCompileExec3565804144.dir/link.txt --verbose=1
/usr/bin/cc     -fsigned-char -W -Wall -Werror=return-type -Werror=address -Werror=sequence-point -Wformat -Werror=format-security -Wmissing-declarations -Wmissing-prototypes -Wstrict-prototypes -Wundef -Winit-self -Wpointer-arith -Wshadow -Wsign-promo -Wno-narrowing -Wno-delete-non-virtual-dtor -Wno-unnamed-type-template-args -Wno-comment -Wno-array-bounds -fdiagnostics-show-option -Wno-long-long -Qunused-arguments -Wno-semicolon-before-method-body -fno-omit-frame-pointer -msse -msse2 -msse3  -O3 -DNDEBUG -Wl,-search_paths_first -Wl,-headerpad_max_install_names  CMakeFiles/cmTryCompileExec3565804144.dir/CMAKE_SIZEOF_UNSIGNED_SHORT.c.o  -o cmTryCompileExec3565804144  


Determining if the function fseeko exists passed with the following output:
Change Dir: /Data/opencv_2.4.13.2/build_John_unix_static/CMakeFiles/CMakeTmp

Run Build Command:"/usr/bin/make" "cmTryCompileExec2215211784/fast"
/Applications/Xcode_7.2.1.app/Contents/Developer/usr/bin/make -f CMakeFiles/cmTryCompileExec2215211784.dir/build.make CMakeFiles/cmTryCompileExec2215211784.dir/build
/Applications/CMake.app/Contents/bin/cmake -E cmake_progress_report /Data/opencv_2.4.13.2/build_John_unix_static/CMakeFiles/CMakeTmp/CMakeFiles 1
Building C object CMakeFiles/cmTryCompileExec2215211784.dir/CheckFunctionExists.c.o
/usr/bin/cc   -fsigned-char -W -Wall -Werror=return-type -Werror=address -Werror=sequence-point -Wformat -Werror=format-security -Wmissing-declarations -Wmissing-prototypes -Wstrict-prototypes -Wundef -Winit-self -Wpointer-arith -Wshadow -Wsign-promo -Wno-narrowing -Wno-delete-non-virtual-dtor -Wno-unnamed-type-template-args -Wno-comment -Wno-array-bounds -fdiagnostics-show-option -Wno-long-long -Qunused-arguments -Wno-semicolon-before-method-body -fno-omit-frame-pointer -msse -msse2 -msse3 -DCHECK_FUNCTION_EXISTS=fseeko -O3 -DNDEBUG   -o CMakeFiles/cmTryCompileExec2215211784.dir/CheckFunctionExists.c.o   -c /Applications/CMake.app/Contents/share/cmake-3.1/Modules/CheckFunctionExists.c
Linking C executable cmTryCompileExec2215211784
/Applications/CMake.app/Contents/bin/cmake -E cmake_link_script CMakeFiles/cmTryCompileExec2215211784.dir/link.txt --verbose=1
/usr/bin/cc     -fsigned-char -W -Wall -Werror=return-type -Werror=address -Werror=sequence-point -Wformat -Werror=format-security -Wmissing-declarations -Wmissing-prototypes -Wstrict-prototypes -Wundef -Winit-self -Wpointer-arith -Wshadow -Wsign-promo -Wno-narrowing -Wno-delete-non-virtual-dtor -Wno-unnamed-type-template-args -Wno-comment -Wno-array-bounds -fdiagnostics-show-option -Wno-long-long -Qunused-arguments -Wno-semicolon-before-method-body -fno-omit-frame-pointer -msse -msse2 -msse3 -DCHECK_FUNCTION_EXISTS=fseeko -O3 -DNDEBUG -Wl,-search_paths_first -Wl,-headerpad_max_install_names  CMakeFiles/cmTryCompileExec2215211784.dir/CheckFunctionExists.c.o  -o cmTryCompileExec2215211784  


Determining if the include file unistd.h exists passed with the following output:
Change Dir: /Data/opencv_2.4.13.2/build_John_unix_static/CMakeFiles/CMakeTmp

Run Build Command:"/usr/bin/make" "cmTryCompileExec32963345/fast"
/Applications/Xcode_7.2.1.app/Contents/Developer/usr/bin/make -f CMakeFiles/cmTryCompileExec32963345.dir/build.make CMakeFiles/cmTryCompileExec32963345.dir/build
/Applications/CMake.app/Contents/bin/cmake -E cmake_progress_report /Data/opencv_2.4.13.2/build_John_unix_static/CMakeFiles/CMakeTmp/CMakeFiles 1
Building C object CMakeFiles/cmTryCompileExec32963345.dir/CheckIncludeFile.c.o
/usr/bin/cc   -fsigned-char -W -Wall -Werror=return-type -Werror=address -Werror=sequence-point -Wformat -Werror=format-security -Wmissing-declarations -Wmissing-prototypes -Wstrict-prototypes -Wundef -Winit-self -Wpointer-arith -Wshadow -Wsign-promo -Wno-narrowing -Wno-delete-non-virtual-dtor -Wno-unnamed-type-template-args -Wno-comment -Wno-array-bounds -fdiagnostics-show-option -Wno-long-long -Qunused-arguments -Wno-semicolon-before-method-body -fno-omit-frame-pointer -msse -msse2 -msse3  -O3 -DNDEBUG   -o CMakeFiles/cmTryCompileExec32963345.dir/CheckIncludeFile.c.o   -c /Data/opencv_2.4.13.2/build_John_unix_static/CMakeFiles/CMakeTmp/CheckIncludeFile.c
Linking C executable cmTryCompileExec32963345
/Applications/CMake.app/Contents/bin/cmake -E cmake_link_script CMakeFiles/cmTryCompileExec32963345.dir/link.txt --verbose=1
/usr/bin/cc     -fsigned-char -W -Wall -Werror=return-type -Werror=address -Werror=sequence-point -Wformat -Werror=format-security -Wmissing-declarations -Wmissing-prototypes -Wstrict-prototypes -Wundef -Winit-self -Wpointer-arith -Wshadow -Wsign-promo -Wno-narrowing -Wno-delete-non-virtual-dtor -Wno-unnamed-type-template-args -Wno-comment -Wno-array-bounds -fdiagnostics-show-option -Wno-long-long -Qunused-arguments -Wno-semicolon-before-method-body -fno-omit-frame-pointer -msse -msse2 -msse3  -O3 -DNDEBUG -Wl,-search_paths_first -Wl,-headerpad_max_install_names  CMakeFiles/cmTryCompileExec32963345.dir/CheckIncludeFile.c.o  -o cmTryCompileExec32963345  


Determining if the include file assert.h exists passed with the following output:
Change Dir: /Data/opencv_2.4.13.2/build_John_unix_static/CMakeFiles/CMakeTmp

Run Build Command:"/usr/bin/make" "cmTryCompileExec2563281162/fast"
/Applications/Xcode_7.2.1.app/Contents/Developer/usr/bin/make -f CMakeFiles/cmTryCompileExec2563281162.dir/build.make CMakeFiles/cmTryCompileExec2563281162.dir/build
/Applications/CMake.app/Contents/bin/cmake -E cmake_progress_report /Data/opencv_2.4.13.2/build_John_unix_static/CMakeFiles/CMakeTmp/CMakeFiles 1
Building C object CMakeFiles/cmTryCompileExec2563281162.dir/CheckIncludeFile.c.o
/usr/bin/cc   -fsigned-char -W -Wall -Werror=return-type -Werror=address -Werror=sequence-point -Wformat -Werror=format-security -Wmissing-declarations -Wmissing-prototypes -Wstrict-prototypes -Wundef -Winit-self -Wpointer-arith -Wshadow -Wsign-promo -Wno-narrowing -Wno-delete-non-virtual-dtor -Wno-unnamed-type-template-args -Wno-comment -Wno-array-bounds -fdiagnostics-show-option -Wno-long-long -Qunused-arguments -Wno-semicolon-before-method-body -fno-omit-frame-pointer -msse -msse2 -msse3  -O3 -DNDEBUG   -o CMakeFiles/cmTryCompileExec2563281162.dir/CheckIncludeFile.c.o   -c /Data/opencv_2.4.13.2/build_John_unix_static/CMakeFiles/CMakeTmp/CheckIncludeFile.c
Linking C executable cmTryCompileExec2563281162
/Applications/CMake.app/Contents/bin/cmake -E cmake_link_script CMakeFiles/cmTryCompileExec2563281162.dir/link.txt --verbose=1
/usr/bin/cc     -fsigned-char -W -Wall -Werror=return-type -Werror=address -Werror=sequence-point -Wformat -Werror=format-security -Wmissing-declarations -Wmissing-prototypes -Wstrict-prototypes -Wundef -Winit-self -Wpointer-arith -Wshadow -Wsign-promo -Wno-narrowing -Wno-delete-non-virtual-dtor -Wno-unnamed-type-template-args -Wno-comment -Wno-array-bounds -fdiagnostics-show-option -Wno-long-long -Qunused-arguments -Wno-semicolon-before-method-body -fno-omit-frame-pointer -msse -msse2 -msse3  -O3 -DNDEBUG -Wl,-search_paths_first -Wl,-headerpad_max_install_names  CMakeFiles/cmTryCompileExec2563281162.dir/CheckIncludeFile.c.o  -o cmTryCompileExec2563281162  


Determining if the include file fcntl.h exists passed with the following output:
Change Dir: /Data/opencv_2.4.13.2/build_John_unix_static/CMakeFiles/CMakeTmp

Run Build Command:"/usr/bin/make" "cmTryCompileExec3584736414/fast"
/Applications/Xcode_7.2.1.app/Contents/Developer/usr/bin/make -f CMakeFiles/cmTryCompileExec3584736414.dir/build.make CMakeFiles/cmTryCompileExec3584736414.dir/build
/Applications/CMake.app/Contents/bin/cmake -E cmake_progress_report /Data/opencv_2.4.13.2/build_John_unix_static/CMakeFiles/CMakeTmp/CMakeFiles 1
Building C object CMakeFiles/cmTryCompileExec3584736414.dir/CheckIncludeFile.c.o
/usr/bin/cc   -fsigned-char -W -Wall -Werror=return-type -Werror=address -Werror=sequence-point -Wformat -Werror=format-security -Wmissing-declarations -Wmissing-prototypes -Wstrict-prototypes -Wundef -Winit-self -Wpointer-arith -Wshadow -Wsign-promo -Wno-narrowing -Wno-delete-non-virtual-dtor -Wno-unnamed-type-template-args -Wno-comment -Wno-array-bounds -fdiagnostics-show-option -Wno-long-long -Qunused-arguments -Wno-semicolon-before-method-body -fno-omit-frame-pointer -msse -msse2 -msse3  -O3 -DNDEBUG   -o CMakeFiles/cmTryCompileExec3584736414.dir/CheckIncludeFile.c.o   -c /Data/opencv_2.4.13.2/build_John_unix_static/CMakeFiles/CMakeTmp/CheckIncludeFile.c
Linking C executable cmTryCompileExec3584736414
/Applications/CMake.app/Contents/bin/cmake -E cmake_link_script CMakeFiles/cmTryCompileExec3584736414.dir/link.txt --verbose=1
/usr/bin/cc     -fsigned-char -W -Wall -Werror=return-type -Werror=address -Werror=sequence-point -Wformat -Werror=format-security -Wmissing-declarations -Wmissing-prototypes -Wstrict-prototypes -Wundef -Winit-self -Wpointer-arith -Wshadow -Wsign-promo -Wno-narrowing -Wno-delete-non-virtual-dtor -Wno-unnamed-type-template-args -Wno-comment -Wno-array-bounds -fdiagnostics-show-option -Wno-long-long -Qunused-arguments -Wno-semicolon-before-method-body -fno-omit-frame-pointer -msse -msse2 -msse3  -O3 -DNDEBUG -Wl,-search_paths_first -Wl,-headerpad_max_install_names  CMakeFiles/cmTryCompileExec3584736414.dir/CheckIncludeFile.c.o  -o cmTryCompileExec3584736414  


Determining if the function mmap exists passed with the following output:
Change Dir: /Data/opencv_2.4.13.2/build_John_unix_static/CMakeFiles/CMakeTmp

Run Build Command:"/usr/bin/make" "cmTryCompileExec1906439019/fast"
/Applications/Xcode_7.2.1.app/Contents/Developer/usr/bin/make -f CMakeFiles/cmTryCompileExec1906439019.dir/build.make CMakeFiles/cmTryCompileExec1906439019.dir/build
/Applications/CMake.app/Contents/bin/cmake -E cmake_progress_report /Data/opencv_2.4.13.2/build_John_unix_static/CMakeFiles/CMakeTmp/CMakeFiles 1
Building C object CMakeFiles/cmTryCompileExec1906439019.dir/CheckFunctionExists.c.o
/usr/bin/cc   -fsigned-char -W -Wall -Werror=return-type -Werror=address -Werror=sequence-point -Wformat -Werror=format-security -Wmissing-declarations -Wmissing-prototypes -Wstrict-prototypes -Wundef -Winit-self -Wpointer-arith -Wshadow -Wsign-promo -Wno-narrowing -Wno-delete-non-virtual-dtor -Wno-unnamed-type-template-args -Wno-comment -Wno-array-bounds -fdiagnostics-show-option -Wno-long-long -Qunused-arguments -Wno-semicolon-before-method-body -fno-omit-frame-pointer -msse -msse2 -msse3 -DCHECK_FUNCTION_EXISTS=mmap -O3 -DNDEBUG   -o CMakeFiles/cmTryCompileExec1906439019.dir/CheckFunctionExists.c.o   -c /Applications/CMake.app/Contents/share/cmake-3.1/Modules/CheckFunctionExists.c
Linking C executable cmTryCompileExec1906439019
/Applications/CMake.app/Contents/bin/cmake -E cmake_link_script CMakeFiles/cmTryCompileExec1906439019.dir/link.txt --verbose=1
/usr/bin/cc     -fsigned-char -W -Wall -Werror=return-type -Werror=address -Werror=sequence-point -Wformat -Werror=format-security -Wmissing-declarations -Wmissing-prototypes -Wstrict-prototypes -Wundef -Winit-self -Wpointer-arith -Wshadow -Wsign-promo -Wno-narrowing -Wno-delete-non-virtual-dtor -Wno-unnamed-type-template-args -Wno-comment -Wno-array-bounds -fdiagnostics-show-option -Wno-long-long -Qunused-arguments -Wno-semicolon-before-method-body -fno-omit-frame-pointer -msse -msse2 -msse3 -DCHECK_FUNCTION_EXISTS=mmap -O3 -DNDEBUG -Wl,-search_paths_first -Wl,-headerpad_max_install_names  CMakeFiles/cmTryCompileExec1906439019.dir/CheckFunctionExists.c.o  -o cmTryCompileExec1906439019  


Determining if the include file search.h exists passed with the following output:
Change Dir: /Data/opencv_2.4.13.2/build_John_unix_static/CMakeFiles/CMakeTmp

Run Build Command:"/usr/bin/make" "cmTryCompileExec1995005753/fast"
/Applications/Xcode_7.2.1.app/Contents/Developer/usr/bin/make -f CMakeFiles/cmTryCompileExec1995005753.dir/build.make CMakeFiles/cmTryCompileExec1995005753.dir/build
/Applications/CMake.app/Contents/bin/cmake -E cmake_progress_report /Data/opencv_2.4.13.2/build_John_unix_static/CMakeFiles/CMakeTmp/CMakeFiles 1
Building C object CMakeFiles/cmTryCompileExec1995005753.dir/CheckIncludeFile.c.o
/usr/bin/cc   -fsigned-char -W -Wall -Werror=return-type -Werror=address -Werror=sequence-point -Wformat -Werror=format-security -Wmissing-declarations -Wmissing-prototypes -Wstrict-prototypes -Wundef -Winit-self -Wpointer-arith -Wshadow -Wsign-promo -Wno-narrowing -Wno-delete-non-virtual-dtor -Wno-unnamed-type-template-args -Wno-comment -Wno-array-bounds -fdiagnostics-show-option -Wno-long-long -Qunused-arguments -Wno-semicolon-before-method-body -fno-omit-frame-pointer -msse -msse2 -msse3  -O3 -DNDEBUG   -o CMakeFiles/cmTryCompileExec1995005753.dir/CheckIncludeFile.c.o   -c /Data/opencv_2.4.13.2/build_John_unix_static/CMakeFiles/CMakeTmp/CheckIncludeFile.c
Linking C executable cmTryCompileExec1995005753
/Applications/CMake.app/Contents/bin/cmake -E cmake_link_script CMakeFiles/cmTryCompileExec1995005753.dir/link.txt --verbose=1
/usr/bin/cc     -fsigned-char -W -Wall -Werror=return-type -Werror=address -Werror=sequence-point -Wformat -Werror=format-security -Wmissing-declarations -Wmissing-prototypes -Wstrict-prototypes -Wundef -Winit-self -Wpointer-arith -Wshadow -Wsign-promo -Wno-narrowing -Wno-delete-non-virtual-dtor -Wno-unnamed-type-template-args -Wno-comment -Wno-array-bounds -fdiagnostics-show-option -Wno-long-long -Qunused-arguments -Wno-semicolon-before-method-body -fno-omit-frame-pointer -msse -msse2 -msse3  -O3 -DNDEBUG -Wl,-search_paths_first -Wl,-headerpad_max_install_names  CMakeFiles/cmTryCompileExec1995005753.dir/CheckIncludeFile.c.o  -o cmTryCompileExec1995005753  


Determining if the include file string.h exists passed with the following output:
Change Dir: /Data/opencv_2.4.13.2/build_John_unix_static/CMakeFiles/CMakeTmp

Run Build Command:"/usr/bin/make" "cmTryCompileExec1796903240/fast"
/Applications/Xcode_7.2.1.app/Contents/Developer/usr/bin/make -f CMakeFiles/cmTryCompileExec1796903240.dir/build.make CMakeFiles/cmTryCompileExec1796903240.dir/build
/Applications/CMake.app/Contents/bin/cmake -E cmake_progress_report /Data/opencv_2.4.13.2/build_John_unix_static/CMakeFiles/CMakeTmp/CMakeFiles 1
Building C object CMakeFiles/cmTryCompileExec1796903240.dir/CheckIncludeFile.c.o
/usr/bin/cc   -fsigned-char -W -Wall -Werror=return-type -Werror=address -Werror=sequence-point -Wformat -Werror=format-security -Wmissing-declarations -Wmissing-prototypes -Wstrict-prototypes -Wundef -Winit-self -Wpointer-arith -Wshadow -Wsign-promo -Wno-narrowing -Wno-delete-non-virtual-dtor -Wno-unnamed-type-template-args -Wno-comment -Wno-array-bounds -fdiagnostics-show-option -Wno-long-long -Qunused-arguments -Wno-semicolon-before-method-body -fno-omit-frame-pointer -msse -msse2 -msse3  -O3 -DNDEBUG   -o CMakeFiles/cmTryCompileExec1796903240.dir/CheckIncludeFile.c.o   -c /Data/opencv_2.4.13.2/build_John_unix_static/CMakeFiles/CMakeTmp/CheckIncludeFile.c
Linking C executable cmTryCompileExec1796903240
/Applications/CMake.app/Contents/bin/cmake -E cmake_link_script CMakeFiles/cmTryCompileExec1796903240.dir/link.txt --verbose=1
/usr/bin/cc     -fsigned-char -W -Wall -Werror=return-type -Werror=address -Werror=sequence-point -Wformat -Werror=format-security -Wmissing-declarations -Wmissing-prototypes -Wstrict-prototypes -Wundef -Winit-self -Wpointer-arith -Wshadow -Wsign-promo -Wno-narrowing -Wno-delete-non-virtual-dtor -Wno-unnamed-type-template-args -Wno-comment -Wno-array-bounds -fdiagnostics-show-option -Wno-long-long -Qunused-arguments -Wno-semicolon-before-method-body -fno-omit-frame-pointer -msse -msse2 -msse3  -O3 -DNDEBUG -Wl,-search_paths_first -Wl,-headerpad_max_install_names  CMakeFiles/cmTryCompileExec1796903240.dir/CheckIncludeFile.c.o  -o cmTryCompileExec1796903240  


Determining if the include file unistd.h exists passed with the following output:
Change Dir: /Data/opencv_2.4.13.2/build_John_unix_static/CMakeFiles/CMakeTmp

Run Build Command:"/usr/bin/make" "cmTryCompileExec564834849/fast"
/Applications/Xcode_7.2.1.app/Contents/Developer/usr/bin/make -f CMakeFiles/cmTryCompileExec564834849.dir/build.make CMakeFiles/cmTryCompileExec564834849.dir/build
/Applications/CMake.app/Contents/bin/cmake -E cmake_progress_report /Data/opencv_2.4.13.2/build_John_unix_static/CMakeFiles/CMakeTmp/CMakeFiles 1
Building C object CMakeFiles/cmTryCompileExec564834849.dir/CheckIncludeFile.c.o
/usr/bin/cc   -fsigned-char -W -Wall -Werror=return-type -Werror=address -Werror=sequence-point -Wformat -Werror=format-security -Wmissing-declarations -Wmissing-prototypes -Wstrict-prototypes -Wundef -Winit-self -Wpointer-arith -Wshadow -Wsign-promo -Wno-narrowing -Wno-delete-non-virtual-dtor -Wno-unnamed-type-template-args -Wno-comment -Wno-array-bounds -fdiagnostics-show-option -Wno-long-long -Qunused-arguments -Wno-semicolon-before-method-body -fno-omit-frame-pointer -msse -msse2 -msse3  -O3 -DNDEBUG   -o CMakeFiles/cmTryCompileExec564834849.dir/CheckIncludeFile.c.o   -c /Data/opencv_2.4.13.2/build_John_unix_static/CMakeFiles/CMakeTmp/CheckIncludeFile.c
Linking C executable cmTryCompileExec564834849
/Applications/CMake.app/Contents/bin/cmake -E cmake_link_script CMakeFiles/cmTryCompileExec564834849.dir/link.txt --verbose=1
/usr/bin/cc     -fsigned-char -W -Wall -Werror=return-type -Werror=address -Werror=sequence-point -Wformat -Werror=format-security -Wmissing-declarations -Wmissing-prototypes -Wstrict-prototypes -Wundef -Winit-self -Wpointer-arith -Wshadow -Wsign-promo -Wno-narrowing -Wno-delete-non-virtual-dtor -Wno-unnamed-type-template-args -Wno-comment -Wno-array-bounds -fdiagnostics-show-option -Wno-long-long -Qunused-arguments -Wno-semicolon-before-method-body -fno-omit-frame-pointer -msse -msse2 -msse3  -O3 -DNDEBUG -Wl,-search_paths_first -Wl,-headerpad_max_install_names  CMakeFiles/cmTryCompileExec564834849.dir/CheckIncludeFile.c.o  -o cmTryCompileExec564834849  


Determining if the include file semaphore.h exists passed with the following output:
Change Dir: /Data/opencv_2.4.13.2/build_John_unix_static/CMakeFiles/CMakeTmp

Run Build Command:"/usr/bin/make" "cmTryCompileExec138136440/fast"
/Applications/Xcode_7.2.1.app/Contents/Developer/usr/bin/make -f CMakeFiles/cmTryCompileExec138136440.dir/build.make CMakeFiles/cmTryCompileExec138136440.dir/build
/Applications/CMake.app/Contents/bin/cmake -E cmake_progress_report /Data/opencv_2.4.13.2/build_John_unix_static/CMakeFiles/CMakeTmp/CMakeFiles 1
Building C object CMakeFiles/cmTryCompileExec138136440.dir/CheckIncludeFile.c.o
/usr/bin/cc   -fsigned-char -W -Wall -Werror=return-type -Werror=address -Werror=sequence-point -Wformat -Werror=format-security -Wmissing-declarations -Wmissing-prototypes -Wstrict-prototypes -Wundef -Winit-self -Wpointer-arith -Wshadow -Wsign-promo -Wno-narrowing -Wno-delete-non-virtual-dtor -Wno-unnamed-type-template-args -Wno-comment -Wno-array-bounds -fdiagnostics-show-option -Wno-long-long -Qunused-arguments -Wno-semicolon-before-method-body -fno-omit-frame-pointer -msse -msse2 -msse3  -O3 -DNDEBUG   -o CMakeFiles/cmTryCompileExec138136440.dir/CheckIncludeFile.c.o   -c /Data/opencv_2.4.13.2/build_John_unix_static/CMakeFiles/CMakeTmp/CheckIncludeFile.c
Linking C executable cmTryCompileExec138136440
/Applications/CMake.app/Contents/bin/cmake -E cmake_link_script CMakeFiles/cmTryCompileExec138136440.dir/link.txt --verbose=1
/usr/bin/cc     -fsigned-char -W -Wall -Werror=return-type -Werror=address -Werror=sequence-point -Wformat -Werror=format-security -Wmissing-declarations -Wmissing-prototypes -Wstrict-prototypes -Wundef -Winit-self -Wpointer-arith -Wshadow -Wsign-promo -Wno-narrowing -Wno-delete-non-virtual-dtor -Wno-unnamed-type-template-args -Wno-comment -Wno-array-bounds -fdiagnostics-show-option -Wno-long-long -Qunused-arguments -Wno-semicolon-before-method-body -fno-omit-frame-pointer -msse -msse2 -msse3  -O3 -DNDEBUG -Wl,-search_paths_first -Wl,-headerpad_max_install_names  CMakeFiles/cmTryCompileExec138136440.dir/CheckIncludeFile.c.o  -o cmTryCompileExec138136440  


